<?xml version="1.0" encoding="UTF-8"?>
<!-- Generated by org.testng.reporters.JUnitReportReporter -->
<testsuite name="daft.advanced.search.AdvancedSearch" tests="13" time="122.252" ignored="0" failures="0" timestamp="26 Şub 2017 19:27:48 GMT" skipped="0" hostname="Samsung-Pc" errors="0">
  <testcase name="minBathroom" time="4.232" classname="daft.advanced.search.AdvancedSearch"/>
  <testcase name="maxBathroom" time="4.230" classname="daft.advanced.search.AdvancedSearch"/>
  <testcase name="propertyType" time="4.211" classname="daft.advanced.search.AdvancedSearch"/>
  <testcase name="randomCountyCitySelection" time="4.244" classname="daft.advanced.search.AdvancedSearch"/>
  <testcase name="minPrice" time="4.271" classname="daft.advanced.search.AdvancedSearch"/>
  <testcase name="mainSearch" time="4.932" classname="daft.advanced.search.AdvancedSearch"/>
  <testcase name="minBedroom" time="4.233" classname="daft.advanced.search.AdvancedSearch"/>
  <testcase name="advanceSearchResults" time="72.779" classname="daft.advanced.search.AdvancedSearch"/>
  <testcase name="maxBedroom" time="4.231" classname="daft.advanced.search.AdvancedSearch"/>
  <testcase name="maxPrice" time="4.234" classname="daft.advanced.search.AdvancedSearch"/>
  <testcase name="randomCategorySelection" time="4.118" classname="daft.advanced.search.AdvancedSearch"/>
  <testcase name="advancedSearchPresent" time="2.329" classname="daft.advanced.search.AdvancedSearch"/>
  <testcase name="randomAreaSelection" time="4.208" classname="daft.advanced.search.AdvancedSearch"/>
</testsuite> <!-- daft.advanced.search.AdvancedSearch -->
