-------------------------------------------------------------------------------
Test set: TestSuite
-------------------------------------------------------------------------------
Tests run: 13, Failures: 1, Errors: 0, Skipped: 0, Time elapsed: 71.807 sec <<< FAILURE! - in TestSuite
advanceSearchResults(daft.advanced.search.AdvancedSearch)  Time elapsed: 15.885 sec  <<< FAILURE!
java.lang.AssertionError: expected [true] but found [false]
	at daft.advanced.search.AdvancedSearch.advanceSearchResults(AdvancedSearch.java:324)

