<?xml version="1.0" encoding="UTF-8"?>
<testng-results skipped="0" failed="0" ignored="0" total="13" passed="13">
  <reporter-output>
    <line>
      <![CDATA[Category selected randomly]]>
    </line>
    <line>
      <![CDATA[City/County selected randomly]]>
    </line>
    <line>
      <![CDATA[Area selected randomly]]>
    </line>
    <line>
      <![CDATA[First search button is clicked.]]>
    </line>
    <line>
      <![CDATA[Min. price selected randomly]]>
    </line>
    <line>
      <![CDATA[Max. price selected randomly]]>
    </line>
    <line>
      <![CDATA[Min. bedroom selected randomly]]>
    </line>
    <line>
      <![CDATA[Max. bedroom selected randomly]]>
    </line>
    <line>
      <![CDATA[Min. bathroom selected randomly]]>
    </line>
    <line>
      <![CDATA[Max. bathroom selected randomly]]>
    </line>
    <line>
      <![CDATA[Property type selected randomly]]>
    </line>
    <line>
      <![CDATA[Results are obtained and verified]]>
    </line>
  </reporter-output>
  <suite name="Suite" duration-ms="122291" started-at="2017-02-26T19:25:45Z" finished-at="2017-02-26T19:27:47Z">
    <groups>
    </groups>
    <test name="Test" duration-ms="122291" started-at="2017-02-26T19:25:45Z" finished-at="2017-02-26T19:27:47Z">
      <class name="daft.advanced.search.AdvancedSearch">
        <test-method status="PASS" signature="beforeTest()[pri:0, instance:daft.advanced.search.AdvancedSearch@42d80b78]" name="beforeTest" is-config="true" duration-ms="3760" started-at="2017-02-26T21:25:41Z" finished-at="2017-02-26T21:25:45Z">
          <reporter-output>
          </reporter-output>
        </test-method> <!-- beforeTest -->
        <test-method status="PASS" signature="randomCategorySelection()[pri:1, instance:daft.advanced.search.AdvancedSearch@42d80b78]" name="randomCategorySelection" duration-ms="4118" started-at="2017-02-26T21:25:45Z" description="Random category selection" finished-at="2017-02-26T21:25:49Z">
          <reporter-output>
            <line>
              <![CDATA[Category selected randomly]]>
            </line>
          </reporter-output>
        </test-method> <!-- randomCategorySelection -->
        <test-method status="PASS" signature="randomCountyCitySelection()[pri:2, instance:daft.advanced.search.AdvancedSearch@42d80b78]" name="randomCountyCitySelection" duration-ms="4244" started-at="2017-02-26T21:25:49Z" description="Random county/city selection" finished-at="2017-02-26T21:25:53Z">
          <reporter-output>
            <line>
              <![CDATA[City/County selected randomly]]>
            </line>
          </reporter-output>
        </test-method> <!-- randomCountyCitySelection -->
        <test-method status="PASS" signature="randomAreaSelection()[pri:3, instance:daft.advanced.search.AdvancedSearch@42d80b78]" name="randomAreaSelection" duration-ms="4208" started-at="2017-02-26T21:25:53Z" description="Random area selection" depends-on-methods="daft.advanced.search.AdvancedSearch.randomCountyCitySelection" finished-at="2017-02-26T21:25:58Z">
          <reporter-output>
            <line>
              <![CDATA[Area selected randomly]]>
            </line>
          </reporter-output>
        </test-method> <!-- randomAreaSelection -->
        <test-method status="PASS" signature="mainSearch()[pri:4, instance:daft.advanced.search.AdvancedSearch@42d80b78]" name="mainSearch" duration-ms="4932" started-at="2017-02-26T21:25:58Z" description="Search based on category, city/county and area" finished-at="2017-02-26T21:26:02Z">
          <reporter-output>
            <line>
              <![CDATA[First search button is clicked.]]>
            </line>
          </reporter-output>
        </test-method> <!-- mainSearch -->
        <test-method status="PASS" signature="advancedSearchPresent()[pri:5, instance:daft.advanced.search.AdvancedSearch@42d80b78]" name="advancedSearchPresent" duration-ms="2329" started-at="2017-02-26T21:26:02Z" description="Checking advanced search text link presence and clicking it" depends-on-methods="daft.advanced.search.AdvancedSearch.mainSearch" finished-at="2017-02-26T21:26:05Z">
          <reporter-output>
          </reporter-output>
        </test-method> <!-- advancedSearchPresent -->
        <test-method status="PASS" signature="minPrice()[pri:6, instance:daft.advanced.search.AdvancedSearch@42d80b78]" name="minPrice" duration-ms="4271" started-at="2017-02-26T21:26:05Z" description="Random minimum price selection" depends-on-methods="daft.advanced.search.AdvancedSearch.advancedSearchPresent" finished-at="2017-02-26T21:26:09Z">
          <reporter-output>
            <line>
              <![CDATA[Min. price selected randomly]]>
            </line>
          </reporter-output>
        </test-method> <!-- minPrice -->
        <test-method status="PASS" signature="maxPrice()[pri:7, instance:daft.advanced.search.AdvancedSearch@42d80b78]" name="maxPrice" duration-ms="4234" started-at="2017-02-26T21:26:09Z" description="Random maximum price selection" depends-on-methods="daft.advanced.search.AdvancedSearch.advancedSearchPresent" finished-at="2017-02-26T21:26:13Z">
          <reporter-output>
            <line>
              <![CDATA[Max. price selected randomly]]>
            </line>
          </reporter-output>
        </test-method> <!-- maxPrice -->
        <test-method status="PASS" signature="minBedroom()[pri:8, instance:daft.advanced.search.AdvancedSearch@42d80b78]" name="minBedroom" duration-ms="4233" started-at="2017-02-26T21:26:13Z" description="Random minimum bedroom selection" depends-on-methods="daft.advanced.search.AdvancedSearch.advancedSearchPresent" finished-at="2017-02-26T21:26:18Z">
          <reporter-output>
            <line>
              <![CDATA[Min. bedroom selected randomly]]>
            </line>
          </reporter-output>
        </test-method> <!-- minBedroom -->
        <test-method status="PASS" signature="maxBedroom()[pri:9, instance:daft.advanced.search.AdvancedSearch@42d80b78]" name="maxBedroom" duration-ms="4231" started-at="2017-02-26T21:26:18Z" description="Random maximum bedroom selection" depends-on-methods="daft.advanced.search.AdvancedSearch.advancedSearchPresent" finished-at="2017-02-26T21:26:22Z">
          <reporter-output>
            <line>
              <![CDATA[Max. bedroom selected randomly]]>
            </line>
          </reporter-output>
        </test-method> <!-- maxBedroom -->
        <test-method status="PASS" signature="minBathroom()[pri:10, instance:daft.advanced.search.AdvancedSearch@42d80b78]" name="minBathroom" duration-ms="4232" started-at="2017-02-26T21:26:22Z" description="Random minimum bathroom selection" depends-on-methods="daft.advanced.search.AdvancedSearch.advancedSearchPresent" finished-at="2017-02-26T21:26:26Z">
          <reporter-output>
            <line>
              <![CDATA[Min. bathroom selected randomly]]>
            </line>
          </reporter-output>
        </test-method> <!-- minBathroom -->
        <test-method status="PASS" signature="maxBathroom()[pri:11, instance:daft.advanced.search.AdvancedSearch@42d80b78]" name="maxBathroom" duration-ms="4230" started-at="2017-02-26T21:26:26Z" description="Random maximum bathroom selection" depends-on-methods="daft.advanced.search.AdvancedSearch.advancedSearchPresent" finished-at="2017-02-26T21:26:30Z">
          <reporter-output>
            <line>
              <![CDATA[Max. bathroom selected randomly]]>
            </line>
          </reporter-output>
        </test-method> <!-- maxBathroom -->
        <test-method status="PASS" signature="propertyType()[pri:12, instance:daft.advanced.search.AdvancedSearch@42d80b78]" name="propertyType" duration-ms="4211" started-at="2017-02-26T21:26:30Z" description="Random property type selection" depends-on-methods="daft.advanced.search.AdvancedSearch.advancedSearchPresent" finished-at="2017-02-26T21:26:34Z">
          <reporter-output>
            <line>
              <![CDATA[Property type selected randomly]]>
            </line>
          </reporter-output>
        </test-method> <!-- propertyType -->
        <test-method status="PASS" signature="advanceSearchResults()[pri:13, instance:daft.advanced.search.AdvancedSearch@42d80b78]" name="advanceSearchResults" duration-ms="72779" started-at="2017-02-26T21:26:34Z" description="Verification of the results after advanced search" depends-on-methods="daft.advanced.search.AdvancedSearch.advancedSearchPresent" finished-at="2017-02-26T21:27:47Z">
          <reporter-output>
            <line>
              <![CDATA[Results are obtained and verified]]>
            </line>
          </reporter-output>
        </test-method> <!-- advanceSearchResults -->
        <test-method status="PASS" signature="afterTest()[pri:0, instance:daft.advanced.search.AdvancedSearch@42d80b78]" name="afterTest" is-config="true" duration-ms="1031" started-at="2017-02-26T21:27:47Z" finished-at="2017-02-26T21:27:48Z">
          <reporter-output>
          </reporter-output>
        </test-method> <!-- afterTest -->
      </class> <!-- daft.advanced.search.AdvancedSearch -->
    </test> <!-- Test -->
  </suite> <!-- Suite -->
</testng-results>
