<?xml version="1.0" encoding="UTF-8"?>
<!-- Generated by org.testng.reporters.JUnitXMLReporter -->
<testsuite hostname="Samsung-Pc" ignored="0" name="Test" tests="13" failures="0" timestamp="12 Şub 2017 13:42:39 GMT" time="91.173" errors="0">
  <testcase name="randomCategorySelection" time="8.075" classname="daft.advanced.search.AdvancedSearch"/>
  <testcase name="randomCountyCitySelection" time="4.595" classname="daft.advanced.search.AdvancedSearch"/>
  <testcase name="randomAreaSelection" time="4.403" classname="daft.advanced.search.AdvancedSearch"/>
  <testcase name="mainSearch" time="8.754" classname="daft.advanced.search.AdvancedSearch"/>
  <testcase name="advancedSearchPresent" time="0.265" classname="daft.advanced.search.AdvancedSearch"/>
  <testcase name="minPrice" time="9.209" classname="daft.advanced.search.AdvancedSearch"/>
  <testcase name="maxPrice" time="4.519" classname="daft.advanced.search.AdvancedSearch"/>
  <testcase name="minBedroom" time="4.586" classname="daft.advanced.search.AdvancedSearch"/>
  <testcase name="maxBedroom" time="4.517" classname="daft.advanced.search.AdvancedSearch"/>
  <testcase name="minBathroom" time="4.495" classname="daft.advanced.search.AdvancedSearch"/>
  <testcase name="maxBathroom" time="4.548" classname="daft.advanced.search.AdvancedSearch"/>
  <testcase name="propertyType" time="4.489" classname="daft.advanced.search.AdvancedSearch"/>
  <testcase name="advanceSearchResults" time="28.634" classname="daft.advanced.search.AdvancedSearch"/>
</testsuite> <!-- Test -->
