<?xml version="1.0" encoding="UTF-8"?>
<!-- Generated by org.testng.reporters.JUnitReportReporter -->
<testsuite name="daft.advanced.search.AdvancedSearch" tests="13" time="92.542" ignored="0" failures="0" timestamp="12 Şub 2017 12:57:06 GMT" skipped="0" hostname="Samsung-Pc" errors="0">
  <testcase name="maxBedroom" time="4.524" classname="daft.advanced.search.AdvancedSearch"/>
  <testcase name="advancedSearchPresent" time="1.770" classname="daft.advanced.search.AdvancedSearch"/>
  <testcase name="randomAreaSelection" time="4.518" classname="daft.advanced.search.AdvancedSearch"/>
  <testcase name="minBedroom" time="4.519" classname="daft.advanced.search.AdvancedSearch"/>
  <testcase name="randomCategorySelection" time="6.060" classname="daft.advanced.search.AdvancedSearch"/>
  <testcase name="minBathroom" time="4.503" classname="daft.advanced.search.AdvancedSearch"/>
  <testcase name="maxBathroom" time="4.528" classname="daft.advanced.search.AdvancedSearch"/>
  <testcase name="propertyType" time="4.547" classname="daft.advanced.search.AdvancedSearch"/>
  <testcase name="minPrice" time="5.277" classname="daft.advanced.search.AdvancedSearch"/>
  <testcase name="randomCountyCitySelection" time="4.607" classname="daft.advanced.search.AdvancedSearch"/>
  <testcase name="advanceSearchResults" time="39.183" classname="daft.advanced.search.AdvancedSearch"/>
  <testcase name="maxPrice" time="4.573" classname="daft.advanced.search.AdvancedSearch"/>
  <testcase name="mainSearch" time="3.933" classname="daft.advanced.search.AdvancedSearch"/>
</testsuite> <!-- daft.advanced.search.AdvancedSearch -->
