<?xml version="1.0" encoding="UTF-8"?>
<!-- Generated by org.testng.reporters.JUnitXMLReporter -->
<testsuite hostname="Samsung-Pc" ignored="0" name="Default test" tests="13" failures="1" timestamp="12 Şub 2017 13:40:31 GMT" time="48.507" errors="0">
  <testcase name="randomCategorySelection" time="6.911" classname="daft.advanced.search.AdvancedSearch"/>
  <testcase name="randomCountyCitySelection" time="4.653" classname="daft.advanced.search.AdvancedSearch"/>
  <testcase name="randomAreaSelection" time="4.483" classname="daft.advanced.search.AdvancedSearch"/>
  <testcase name="mainSearch" time="7.336" classname="daft.advanced.search.AdvancedSearch"/>
  <testcase name="advancedSearchPresent" time="25.02" classname="daft.advanced.search.AdvancedSearch">
    <failure type="java.lang.NullPointerException">
      <![CDATA[java.lang.NullPointerException
	at sun.reflect.NativeMethodAccessorImpl.invoke0(Native Method)
	at sun.reflect.NativeMethodAccessorImpl.invoke(Unknown Source)
	at sun.reflect.DelegatingMethodAccessorImpl.invoke(Unknown Source)
	at java.lang.reflect.Method.invoke(Unknown Source)
	at org.openqa.selenium.support.pagefactory.internal.LocatingElementHandler.invoke(LocatingElementHandler.java:51)
	at com.sun.proxy.$Proxy8.click(Unknown Source)
	at daft.advanced.search.AdvancedSearch.advancedSearchPresent(AdvancedSearch.java:110)
	at sun.reflect.NativeMethodAccessorImpl.invoke0(Native Method)
	at sun.reflect.NativeMethodAccessorImpl.invoke(Unknown Source)
	at sun.reflect.DelegatingMethodAccessorImpl.invoke(Unknown Source)
	at java.lang.reflect.Method.invoke(Unknown Source)
	at org.testng.internal.MethodInvocationHelper.invokeMethod(MethodInvocationHelper.java:104)
	at org.testng.internal.Invoker.invokeMethod(Invoker.java:645)
	at org.testng.internal.Invoker.invokeTestMethod(Invoker.java:851)
	at org.testng.internal.Invoker.invokeTestMethods(Invoker.java:1177)
	at org.testng.internal.TestMethodWorker.invokeTestMethods(TestMethodWorker.java:129)
	at org.testng.internal.TestMethodWorker.run(TestMethodWorker.java:112)
	at org.testng.TestRunner.privateRun(TestRunner.java:756)
	at org.testng.TestRunner.run(TestRunner.java:610)
	at org.testng.SuiteRunner.runTest(SuiteRunner.java:387)
	at org.testng.SuiteRunner.runSequentially(SuiteRunner.java:382)
	at org.testng.SuiteRunner.privateRun(SuiteRunner.java:340)
	at org.testng.SuiteRunner.run(SuiteRunner.java:289)
	at org.testng.SuiteRunnerWorker.runSuite(SuiteRunnerWorker.java:52)
	at org.testng.SuiteRunnerWorker.run(SuiteRunnerWorker.java:86)
	at org.testng.TestNG.runSuitesSequentially(TestNG.java:1293)
	at org.testng.TestNG.runSuitesLocally(TestNG.java:1218)
	at org.testng.TestNG.runSuites(TestNG.java:1133)
	at org.testng.TestNG.run(TestNG.java:1104)
	at org.testng.remote.AbstractRemoteTestNG.run(AbstractRemoteTestNG.java:132)
	at org.testng.remote.RemoteTestNG.initAndRun(RemoteTestNG.java:236)
	at org.testng.remote.RemoteTestNG.main(RemoteTestNG.java:81)
]]>
    </failure>
  </testcase> <!-- advancedSearchPresent -->
  <testcase name="minPrice" time="0.001" classname="daft.advanced.search.AdvancedSearch">
    <skipped/>
  </testcase> <!-- minPrice -->
  <testcase name="maxPrice" time="0.0" classname="daft.advanced.search.AdvancedSearch">
    <skipped/>
  </testcase> <!-- maxPrice -->
  <testcase name="minBedroom" time="0.0" classname="daft.advanced.search.AdvancedSearch">
    <skipped/>
  </testcase> <!-- minBedroom -->
  <testcase name="maxBedroom" time="0.0" classname="daft.advanced.search.AdvancedSearch">
    <skipped/>
  </testcase> <!-- maxBedroom -->
  <testcase name="minBathroom" time="0.0" classname="daft.advanced.search.AdvancedSearch">
    <skipped/>
  </testcase> <!-- minBathroom -->
  <testcase name="maxBathroom" time="0.0" classname="daft.advanced.search.AdvancedSearch">
    <skipped/>
  </testcase> <!-- maxBathroom -->
  <testcase name="propertyType" time="0.0" classname="daft.advanced.search.AdvancedSearch">
    <skipped/>
  </testcase> <!-- propertyType -->
  <testcase name="advanceSearchResults" time="0.0" classname="daft.advanced.search.AdvancedSearch">
    <skipped/>
  </testcase> <!-- advanceSearchResults -->
</testsuite> <!-- Default test -->
